

times in msec
 clock   self+sourced   self:  sourced script
 clock   elapsed:              other lines

000.026  000.026: --- NVIM STARTING ---
001.522  001.497: locale set
002.289  000.766: inits 1
002.334  000.045: window checked
002.557  000.224: parsing arguments
002.906  000.349: expanding arguments
002.979  000.073: inits 2
003.424  000.445: init highlight
003.425  000.002: waiting for UI
006.545  003.120: done waiting for UI
006.582  000.037: initialized screen early for UI
006.799  000.217: --cmd commands
030.316  012.260  012.260: sourcing /nix/store/kg6r9d5ipwbw502add93jk4716r1vkfz-vim-pack-dir/pack/home-manager/start/nordbuddy/colors/nordbuddy.lua
030.386  023.196  010.936: sourcing /Users/maas/.config/nvim/init.vim
030.402  000.408: sourcing vimrc file(s)
037.319  000.031  000.031: sourcing /nix/store/kg6r9d5ipwbw502add93jk4716r1vkfz-vim-pack-dir/pack/home-manager/start/fennel-vim/ftdetect/fennel.vim
037.448  000.021  000.021: sourcing /nix/store/kg6r9d5ipwbw502add93jk4716r1vkfz-vim-pack-dir/pack/home-manager/start/nvim-treesitter/ftdetect/gdscript.vim
037.571  000.017  000.017: sourcing /nix/store/kg6r9d5ipwbw502add93jk4716r1vkfz-vim-pack-dir/pack/home-manager/start/nvim-treesitter/ftdetect/gomod.vim
037.700  000.028  000.028: sourcing /nix/store/kg6r9d5ipwbw502add93jk4716r1vkfz-vim-pack-dir/pack/home-manager/start/nvim-treesitter/ftdetect/query.vim
038.620  008.028  007.931: sourcing /nix/store/r2c2fir4m3ifvd5nprdyn7l5wmsdarjk-neovim-unwrapped-master/share/nvim/runtime/filetype.vim
039.262  000.045  000.045: sourcing /nix/store/r2c2fir4m3ifvd5nprdyn7l5wmsdarjk-neovim-unwrapped-master/share/nvim/runtime/ftplugin.vim
039.883  000.048  000.048: sourcing /nix/store/r2c2fir4m3ifvd5nprdyn7l5wmsdarjk-neovim-unwrapped-master/share/nvim/runtime/indent.vim
043.910  001.962  001.962: sourcing /nix/store/kg6r9d5ipwbw502add93jk4716r1vkfz-vim-pack-dir/pack/home-manager/start/nordbuddy/colors/nordbuddy.lua
044.031  003.334  001.372: sourcing /nix/store/r2c2fir4m3ifvd5nprdyn7l5wmsdarjk-neovim-unwrapped-master/share/nvim/runtime/syntax/synload.vim
044.145  003.608  000.274: sourcing /nix/store/r2c2fir4m3ifvd5nprdyn7l5wmsdarjk-neovim-unwrapped-master/share/nvim/runtime/syntax/syntax.vim
048.219  000.262  000.262: sourcing /nix/store/r2c2fir4m3ifvd5nprdyn7l5wmsdarjk-neovim-unwrapped-master/share/nvim/runtime/plugin/gzip.vim
048.354  000.019  000.019: sourcing /nix/store/r2c2fir4m3ifvd5nprdyn7l5wmsdarjk-neovim-unwrapped-master/share/nvim/runtime/plugin/health.vim
048.566  000.092  000.092: sourcing /nix/store/r2c2fir4m3ifvd5nprdyn7l5wmsdarjk-neovim-unwrapped-master/share/nvim/runtime/plugin/man.vim
050.971  000.202  000.202: sourcing /nix/store/r2c2fir4m3ifvd5nprdyn7l5wmsdarjk-neovim-unwrapped-master/share/nvim/runtime/pack/dist/opt/matchit/plugin/matchit.vim
051.225  002.547  002.344: sourcing /nix/store/r2c2fir4m3ifvd5nprdyn7l5wmsdarjk-neovim-unwrapped-master/share/nvim/runtime/plugin/matchit.vim
051.502  000.171  000.171: sourcing /nix/store/r2c2fir4m3ifvd5nprdyn7l5wmsdarjk-neovim-unwrapped-master/share/nvim/runtime/plugin/matchparen.vim
052.020  000.413  000.413: sourcing /nix/store/r2c2fir4m3ifvd5nprdyn7l5wmsdarjk-neovim-unwrapped-master/share/nvim/runtime/plugin/netrwPlugin.vim
052.362  000.016  000.016: sourcing /nix/store/sfqnyw5rfgvw3bfhl4i6qd2101px0q8w-neovim-master/rplugin.vim
052.512  000.367  000.350: sourcing /nix/store/r2c2fir4m3ifvd5nprdyn7l5wmsdarjk-neovim-unwrapped-master/share/nvim/runtime/plugin/rplugin.vim
052.743  000.113  000.113: sourcing /nix/store/r2c2fir4m3ifvd5nprdyn7l5wmsdarjk-neovim-unwrapped-master/share/nvim/runtime/plugin/shada.vim
052.894  000.032  000.032: sourcing /nix/store/r2c2fir4m3ifvd5nprdyn7l5wmsdarjk-neovim-unwrapped-master/share/nvim/runtime/plugin/spellfile.vim
053.159  000.151  000.151: sourcing /nix/store/r2c2fir4m3ifvd5nprdyn7l5wmsdarjk-neovim-unwrapped-master/share/nvim/runtime/plugin/tarPlugin.vim
053.395  000.120  000.120: sourcing /nix/store/r2c2fir4m3ifvd5nprdyn7l5wmsdarjk-neovim-unwrapped-master/share/nvim/runtime/plugin/tohtml.vim
053.549  000.027  000.027: sourcing /nix/store/r2c2fir4m3ifvd5nprdyn7l5wmsdarjk-neovim-unwrapped-master/share/nvim/runtime/plugin/tutor.vim
053.915  000.205  000.205: sourcing /nix/store/r2c2fir4m3ifvd5nprdyn7l5wmsdarjk-neovim-unwrapped-master/share/nvim/runtime/plugin/zipPlugin.vim
054.644  007.994: loading plugins
055.296  000.031  000.031: sourcing /nix/store/kg6r9d5ipwbw502add93jk4716r1vkfz-vim-pack-dir/pack/home-manager/start/fennel-vim/ftdetect/fennel.vim
062.109  005.869  005.869: sourcing /nix/store/kg6r9d5ipwbw502add93jk4716r1vkfz-vim-pack-dir/pack/home-manager/start/nvim-autopairs/plugin/nvim-autopairs.vim
062.850  000.201  000.201: sourcing /nix/store/kg6r9d5ipwbw502add93jk4716r1vkfz-vim-pack-dir/pack/home-manager/start/nvim-compe/plugin/compe.vim
070.907  007.553  007.553: sourcing /nix/store/kg6r9d5ipwbw502add93jk4716r1vkfz-vim-pack-dir/pack/home-manager/start/nvim-lspconfig/plugin/lspconfig.vim
072.244  000.653  000.653: sourcing /nix/store/kg6r9d5ipwbw502add93jk4716r1vkfz-vim-pack-dir/pack/home-manager/start/nvim-treesitter/plugin/nvim-treesitter.vim
072.684  000.023  000.023: sourcing /nix/store/kg6r9d5ipwbw502add93jk4716r1vkfz-vim-pack-dir/pack/home-manager/start/nvim-treesitter/ftdetect/gdscript.vim
072.805  000.017  000.017: sourcing /nix/store/kg6r9d5ipwbw502add93jk4716r1vkfz-vim-pack-dir/pack/home-manager/start/nvim-treesitter/ftdetect/gomod.vim
072.947  000.026  000.026: sourcing /nix/store/kg6r9d5ipwbw502add93jk4716r1vkfz-vim-pack-dir/pack/home-manager/start/nvim-treesitter/ftdetect/query.vim
073.384  000.035  000.035: sourcing /nix/store/kg6r9d5ipwbw502add93jk4716r1vkfz-vim-pack-dir/pack/home-manager/start/plenary-nvim/plugin/plenary.vim
074.364  000.282  000.282: sourcing /nix/store/kg6r9d5ipwbw502add93jk4716r1vkfz-vim-pack-dir/pack/home-manager/start/telescope/plugin/telescope.vim
075.005  000.018  000.018: sourcing /nix/store/kg6r9d5ipwbw502add93jk4716r1vkfz-vim-pack-dir/pack/home-manager/start/which-key-nvim/plugin/which-key.vim
075.431  006.078: loading packages
075.979  000.238  000.238: sourcing /nix/store/kg6r9d5ipwbw502add93jk4716r1vkfz-vim-pack-dir/pack/home-manager/start/nvim-compe/after/plugin/compe.vim
076.625  000.956: loading after plugins
076.642  000.017: inits 3
081.667  005.026: reading ShaDa
088.065  000.520  000.520: sourcing /nix/store/r2c2fir4m3ifvd5nprdyn7l5wmsdarjk-neovim-unwrapped-master/share/nvim/runtime/scripts.vim
088.761  006.574: opening buffers
088.790  000.029: BufEnter autocommands
088.794  000.003: editing files in windows
088.914  000.120: executing command arguments
099.796  010.883: VimEnter autocommands
099.800  000.003: UIEnter autocommands
099.801  000.002: before starting main loop
100.787  000.985: first screen update
100.789  000.003: --- NVIM STARTED ---


times in msec
 clock   self+sourced   self:  sourced script
 clock   elapsed:              other lines

000.009  000.009: --- NVIM STARTING ---
001.153  001.144: locale set
001.866  000.713: inits 1
001.902  000.036: window checked
002.112  000.210: parsing arguments
002.461  000.349: expanding arguments
002.531  000.070: inits 2
002.983  000.453: init highlight
002.985  000.002: waiting for UI
006.000  003.015: done waiting for UI
006.038  000.038: initialized screen early for UI
006.250  000.213: --cmd commands
029.658  012.197  012.197: sourcing /nix/store/kg6r9d5ipwbw502add93jk4716r1vkfz-vim-pack-dir/pack/home-manager/start/nordbuddy/colors/nordbuddy.lua
029.726  023.102  010.905: sourcing /Users/maas/.config/nvim/init.vim
029.741  000.389: sourcing vimrc file(s)
036.756  000.035  000.035: sourcing /nix/store/kg6r9d5ipwbw502add93jk4716r1vkfz-vim-pack-dir/pack/home-manager/start/fennel-vim/ftdetect/fennel.vim
036.888  000.018  000.018: sourcing /nix/store/kg6r9d5ipwbw502add93jk4716r1vkfz-vim-pack-dir/pack/home-manager/start/nvim-treesitter/ftdetect/gdscript.vim
037.009  000.017  000.017: sourcing /nix/store/kg6r9d5ipwbw502add93jk4716r1vkfz-vim-pack-dir/pack/home-manager/start/nvim-treesitter/ftdetect/gomod.vim
037.140  000.029  000.029: sourcing /nix/store/kg6r9d5ipwbw502add93jk4716r1vkfz-vim-pack-dir/pack/home-manager/start/nvim-treesitter/ftdetect/query.vim
038.086  008.168  008.069: sourcing /nix/store/r2c2fir4m3ifvd5nprdyn7l5wmsdarjk-neovim-unwrapped-master/share/nvim/runtime/filetype.vim
038.730  000.049  000.049: sourcing /nix/store/r2c2fir4m3ifvd5nprdyn7l5wmsdarjk-neovim-unwrapped-master/share/nvim/runtime/ftplugin.vim
039.458  000.048  000.048: sourcing /nix/store/r2c2fir4m3ifvd5nprdyn7l5wmsdarjk-neovim-unwrapped-master/share/nvim/runtime/indent.vim
043.457  001.949  001.949: sourcing /nix/store/kg6r9d5ipwbw502add93jk4716r1vkfz-vim-pack-dir/pack/home-manager/start/nordbuddy/colors/nordbuddy.lua
043.560  003.282  001.332: sourcing /nix/store/r2c2fir4m3ifvd5nprdyn7l5wmsdarjk-neovim-unwrapped-master/share/nvim/runtime/syntax/synload.vim
043.667  003.552  000.271: sourcing /nix/store/r2c2fir4m3ifvd5nprdyn7l5wmsdarjk-neovim-unwrapped-master/share/nvim/runtime/syntax/syntax.vim
047.199  000.260  000.260: sourcing /nix/store/r2c2fir4m3ifvd5nprdyn7l5wmsdarjk-neovim-unwrapped-master/share/nvim/runtime/plugin/gzip.vim
047.329  000.020  000.020: sourcing /nix/store/r2c2fir4m3ifvd5nprdyn7l5wmsdarjk-neovim-unwrapped-master/share/nvim/runtime/plugin/health.vim
047.517  000.080  000.080: sourcing /nix/store/r2c2fir4m3ifvd5nprdyn7l5wmsdarjk-neovim-unwrapped-master/share/nvim/runtime/plugin/man.vim
049.802  000.200  000.200: sourcing /nix/store/r2c2fir4m3ifvd5nprdyn7l5wmsdarjk-neovim-unwrapped-master/share/nvim/runtime/pack/dist/opt/matchit/plugin/matchit.vim
050.052  002.431  002.231: sourcing /nix/store/r2c2fir4m3ifvd5nprdyn7l5wmsdarjk-neovim-unwrapped-master/share/nvim/runtime/plugin/matchit.vim
050.326  000.170  000.170: sourcing /nix/store/r2c2fir4m3ifvd5nprdyn7l5wmsdarjk-neovim-unwrapped-master/share/nvim/runtime/plugin/matchparen.vim
050.876  000.445  000.445: sourcing /nix/store/r2c2fir4m3ifvd5nprdyn7l5wmsdarjk-neovim-unwrapped-master/share/nvim/runtime/plugin/netrwPlugin.vim
051.260  000.016  000.016: sourcing /nix/store/sfqnyw5rfgvw3bfhl4i6qd2101px0q8w-neovim-master/rplugin.vim
051.411  000.377  000.361: sourcing /nix/store/r2c2fir4m3ifvd5nprdyn7l5wmsdarjk-neovim-unwrapped-master/share/nvim/runtime/plugin/rplugin.vim
051.649  000.118  000.118: sourcing /nix/store/r2c2fir4m3ifvd5nprdyn7l5wmsdarjk-neovim-unwrapped-master/share/nvim/runtime/plugin/shada.vim
051.807  000.032  000.032: sourcing /nix/store/r2c2fir4m3ifvd5nprdyn7l5wmsdarjk-neovim-unwrapped-master/share/nvim/runtime/plugin/spellfile.vim
052.189  000.162  000.162: sourcing /nix/store/r2c2fir4m3ifvd5nprdyn7l5wmsdarjk-neovim-unwrapped-master/share/nvim/runtime/plugin/tarPlugin.vim
052.500  000.180  000.180: sourcing /nix/store/r2c2fir4m3ifvd5nprdyn7l5wmsdarjk-neovim-unwrapped-master/share/nvim/runtime/plugin/tohtml.vim
052.647  000.027  000.027: sourcing /nix/store/r2c2fir4m3ifvd5nprdyn7l5wmsdarjk-neovim-unwrapped-master/share/nvim/runtime/plugin/tutor.vim
053.008  000.203  000.203: sourcing /nix/store/r2c2fir4m3ifvd5nprdyn7l5wmsdarjk-neovim-unwrapped-master/share/nvim/runtime/plugin/zipPlugin.vim
053.693  007.630: loading plugins
054.341  000.033  000.033: sourcing /nix/store/kg6r9d5ipwbw502add93jk4716r1vkfz-vim-pack-dir/pack/home-manager/start/fennel-vim/ftdetect/fennel.vim
060.824  005.615  005.615: sourcing /nix/store/kg6r9d5ipwbw502add93jk4716r1vkfz-vim-pack-dir/pack/home-manager/start/nvim-autopairs/plugin/nvim-autopairs.vim
061.473  000.123  000.123: sourcing /nix/store/kg6r9d5ipwbw502add93jk4716r1vkfz-vim-pack-dir/pack/home-manager/start/nvim-compe/plugin/compe.vim
068.902  006.971  006.971: sourcing /nix/store/kg6r9d5ipwbw502add93jk4716r1vkfz-vim-pack-dir/pack/home-manager/start/nvim-lspconfig/plugin/lspconfig.vim
070.051  000.584  000.584: sourcing /nix/store/kg6r9d5ipwbw502add93jk4716r1vkfz-vim-pack-dir/pack/home-manager/start/nvim-treesitter/plugin/nvim-treesitter.vim
070.410  000.017  000.017: sourcing /nix/store/kg6r9d5ipwbw502add93jk4716r1vkfz-vim-pack-dir/pack/home-manager/start/nvim-treesitter/ftdetect/gdscript.vim
070.521  000.015  000.015: sourcing /nix/store/kg6r9d5ipwbw502add93jk4716r1vkfz-vim-pack-dir/pack/home-manager/start/nvim-treesitter/ftdetect/gomod.vim
070.658  000.025  000.025: sourcing /nix/store/kg6r9d5ipwbw502add93jk4716r1vkfz-vim-pack-dir/pack/home-manager/start/nvim-treesitter/ftdetect/query.vim
071.044  000.032  000.032: sourcing /nix/store/kg6r9d5ipwbw502add93jk4716r1vkfz-vim-pack-dir/pack/home-manager/start/plenary-nvim/plugin/plenary.vim
072.069  000.234  000.234: sourcing /nix/store/kg6r9d5ipwbw502add93jk4716r1vkfz-vim-pack-dir/pack/home-manager/start/telescope/plugin/telescope.vim
072.606  000.015  000.015: sourcing /nix/store/kg6r9d5ipwbw502add93jk4716r1vkfz-vim-pack-dir/pack/home-manager/start/which-key-nvim/plugin/which-key.vim
072.951  005.594: loading packages
073.458  000.233  000.233: sourcing /nix/store/kg6r9d5ipwbw502add93jk4716r1vkfz-vim-pack-dir/pack/home-manager/start/nvim-compe/after/plugin/compe.vim
074.032  000.849: loading after plugins
074.046  000.014: inits 3
077.943  003.896: reading ShaDa
082.535  000.442  000.442: sourcing /nix/store/r2c2fir4m3ifvd5nprdyn7l5wmsdarjk-neovim-unwrapped-master/share/nvim/runtime/scripts.vim
083.209  004.824: opening buffers
083.235  000.026: BufEnter autocommands
083.237  000.002: editing files in windows
083.361  000.124: executing command arguments
091.870  008.510: VimEnter autocommands
091.873  000.003: UIEnter autocommands
091.875  000.001: before starting main loop
093.015  001.141: first screen update
093.018  000.002: --- NVIM STARTED ---


times in msec
 clock   self+sourced   self:  sourced script
 clock   elapsed:              other lines

000.009  000.009: --- NVIM STARTING ---
001.126  001.117: locale set
001.826  000.700: inits 1
001.860  000.035: window checked
002.067  000.207: parsing arguments
002.421  000.353: expanding arguments
002.498  000.077: inits 2
002.946  000.449: init highlight
002.948  000.002: waiting for UI
005.863  002.915: done waiting for UI
005.899  000.036: initialized screen early for UI
006.109  000.210: --cmd commands
030.506  013.249  013.249: sourcing /nix/store/kg6r9d5ipwbw502add93jk4716r1vkfz-vim-pack-dir/pack/home-manager/start/nordbuddy/colors/nordbuddy.lua
030.577  024.095  010.846: sourcing /Users/maas/.config/nvim/init.vim
030.593  000.389: sourcing vimrc file(s)
038.140  000.033  000.033: sourcing /nix/store/kg6r9d5ipwbw502add93jk4716r1vkfz-vim-pack-dir/pack/home-manager/start/fennel-vim/ftdetect/fennel.vim
038.282  000.023  000.023: sourcing /nix/store/kg6r9d5ipwbw502add93jk4716r1vkfz-vim-pack-dir/pack/home-manager/start/nvim-treesitter/ftdetect/gdscript.vim
038.413  000.018  000.018: sourcing /nix/store/kg6r9d5ipwbw502add93jk4716r1vkfz-vim-pack-dir/pack/home-manager/start/nvim-treesitter/ftdetect/gomod.vim
038.616  000.096  000.096: sourcing /nix/store/kg6r9d5ipwbw502add93jk4716r1vkfz-vim-pack-dir/pack/home-manager/start/nvim-treesitter/ftdetect/query.vim
039.734  008.940  008.770: sourcing /nix/store/r2c2fir4m3ifvd5nprdyn7l5wmsdarjk-neovim-unwrapped-master/share/nvim/runtime/filetype.vim
040.419  000.046  000.046: sourcing /nix/store/r2c2fir4m3ifvd5nprdyn7l5wmsdarjk-neovim-unwrapped-master/share/nvim/runtime/ftplugin.vim
041.163  000.076  000.076: sourcing /nix/store/r2c2fir4m3ifvd5nprdyn7l5wmsdarjk-neovim-unwrapped-master/share/nvim/runtime/indent.vim
045.153  001.851  001.851: sourcing /nix/store/kg6r9d5ipwbw502add93jk4716r1vkfz-vim-pack-dir/pack/home-manager/start/nordbuddy/colors/nordbuddy.lua
045.256  003.206  001.355: sourcing /nix/store/r2c2fir4m3ifvd5nprdyn7l5wmsdarjk-neovim-unwrapped-master/share/nvim/runtime/syntax/synload.vim
045.363  003.486  000.280: sourcing /nix/store/r2c2fir4m3ifvd5nprdyn7l5wmsdarjk-neovim-unwrapped-master/share/nvim/runtime/syntax/syntax.vim
049.032  000.257  000.257: sourcing /nix/store/r2c2fir4m3ifvd5nprdyn7l5wmsdarjk-neovim-unwrapped-master/share/nvim/runtime/plugin/gzip.vim
049.165  000.018  000.018: sourcing /nix/store/r2c2fir4m3ifvd5nprdyn7l5wmsdarjk-neovim-unwrapped-master/share/nvim/runtime/plugin/health.vim
049.362  000.090  000.090: sourcing /nix/store/r2c2fir4m3ifvd5nprdyn7l5wmsdarjk-neovim-unwrapped-master/share/nvim/runtime/plugin/man.vim
051.689  000.208  000.208: sourcing /nix/store/r2c2fir4m3ifvd5nprdyn7l5wmsdarjk-neovim-unwrapped-master/share/nvim/runtime/pack/dist/opt/matchit/plugin/matchit.vim
051.950  002.475  002.266: sourcing /nix/store/r2c2fir4m3ifvd5nprdyn7l5wmsdarjk-neovim-unwrapped-master/share/nvim/runtime/plugin/matchit.vim
052.235  000.176  000.176: sourcing /nix/store/r2c2fir4m3ifvd5nprdyn7l5wmsdarjk-neovim-unwrapped-master/share/nvim/runtime/plugin/matchparen.vim
052.763  000.420  000.420: sourcing /nix/store/r2c2fir4m3ifvd5nprdyn7l5wmsdarjk-neovim-unwrapped-master/share/nvim/runtime/plugin/netrwPlugin.vim
053.114  000.018  000.018: sourcing /nix/store/sfqnyw5rfgvw3bfhl4i6qd2101px0q8w-neovim-master/rplugin.vim
053.265  000.371  000.353: sourcing /nix/store/r2c2fir4m3ifvd5nprdyn7l5wmsdarjk-neovim-unwrapped-master/share/nvim/runtime/plugin/rplugin.vim
053.507  000.116  000.116: sourcing /nix/store/r2c2fir4m3ifvd5nprdyn7l5wmsdarjk-neovim-unwrapped-master/share/nvim/runtime/plugin/shada.vim
053.662  000.032  000.032: sourcing /nix/store/r2c2fir4m3ifvd5nprdyn7l5wmsdarjk-neovim-unwrapped-master/share/nvim/runtime/plugin/spellfile.vim
053.940  000.162  000.162: sourcing /nix/store/r2c2fir4m3ifvd5nprdyn7l5wmsdarjk-neovim-unwrapped-master/share/nvim/runtime/plugin/tarPlugin.vim
054.193  000.134  000.134: sourcing /nix/store/r2c2fir4m3ifvd5nprdyn7l5wmsdarjk-neovim-unwrapped-master/share/nvim/runtime/plugin/tohtml.vim
054.333  000.026  000.026: sourcing /nix/store/r2c2fir4m3ifvd5nprdyn7l5wmsdarjk-neovim-unwrapped-master/share/nvim/runtime/plugin/tutor.vim
054.717  000.222  000.222: sourcing /nix/store/r2c2fir4m3ifvd5nprdyn7l5wmsdarjk-neovim-unwrapped-master/share/nvim/runtime/plugin/zipPlugin.vim
055.466  007.828: loading plugins
056.176  000.033  000.033: sourcing /nix/store/kg6r9d5ipwbw502add93jk4716r1vkfz-vim-pack-dir/pack/home-manager/start/fennel-vim/ftdetect/fennel.vim
063.359  006.339  006.339: sourcing /nix/store/kg6r9d5ipwbw502add93jk4716r1vkfz-vim-pack-dir/pack/home-manager/start/nvim-autopairs/plugin/nvim-autopairs.vim
064.162  000.176  000.176: sourcing /nix/store/kg6r9d5ipwbw502add93jk4716r1vkfz-vim-pack-dir/pack/home-manager/start/nvim-compe/plugin/compe.vim
071.668  007.002  007.002: sourcing /nix/store/kg6r9d5ipwbw502add93jk4716r1vkfz-vim-pack-dir/pack/home-manager/start/nvim-lspconfig/plugin/lspconfig.vim
072.796  000.564  000.564: sourcing /nix/store/kg6r9d5ipwbw502add93jk4716r1vkfz-vim-pack-dir/pack/home-manager/start/nvim-treesitter/plugin/nvim-treesitter.vim
073.152  000.017  000.017: sourcing /nix/store/kg6r9d5ipwbw502add93jk4716r1vkfz-vim-pack-dir/pack/home-manager/start/nvim-treesitter/ftdetect/gdscript.vim
073.261  000.015  000.015: sourcing /nix/store/kg6r9d5ipwbw502add93jk4716r1vkfz-vim-pack-dir/pack/home-manager/start/nvim-treesitter/ftdetect/gomod.vim
073.396  000.026  000.026: sourcing /nix/store/kg6r9d5ipwbw502add93jk4716r1vkfz-vim-pack-dir/pack/home-manager/start/nvim-treesitter/ftdetect/query.vim
073.819  000.031  000.031: sourcing /nix/store/kg6r9d5ipwbw502add93jk4716r1vkfz-vim-pack-dir/pack/home-manager/start/plenary-nvim/plugin/plenary.vim
074.624  000.229  000.229: sourcing /nix/store/kg6r9d5ipwbw502add93jk4716r1vkfz-vim-pack-dir/pack/home-manager/start/telescope/plugin/telescope.vim
075.152  000.015  000.015: sourcing /nix/store/kg6r9d5ipwbw502add93jk4716r1vkfz-vim-pack-dir/pack/home-manager/start/which-key-nvim/plugin/which-key.vim
075.494  005.582: loading packages
076.006  000.237  000.237: sourcing /nix/store/kg6r9d5ipwbw502add93jk4716r1vkfz-vim-pack-dir/pack/home-manager/start/nvim-compe/after/plugin/compe.vim
076.569  000.838: loading after plugins
076.583  000.014: inits 3
080.718  004.135: reading ShaDa
085.063  000.448  000.448: sourcing /nix/store/r2c2fir4m3ifvd5nprdyn7l5wmsdarjk-neovim-unwrapped-master/share/nvim/runtime/scripts.vim
085.644  004.478: opening buffers
085.669  000.025: BufEnter autocommands
085.671  000.002: editing files in windows
085.807  000.136: executing command arguments
094.632  008.825: VimEnter autocommands
094.635  000.003: UIEnter autocommands
094.636  000.001: before starting main loop
095.781  001.145: first screen update
095.785  000.003: --- NVIM STARTED ---


times in msec
 clock   self+sourced   self:  sourced script
 clock   elapsed:              other lines

000.009  000.009: --- NVIM STARTING ---
001.164  001.155: locale set
001.829  000.665: inits 1
001.862  000.033: window checked
002.075  000.213: parsing arguments
002.412  000.338: expanding arguments
002.483  000.071: inits 2
002.920  000.436: init highlight
002.922  000.002: waiting for UI
005.803  002.881: done waiting for UI
005.836  000.033: initialized screen early for UI
006.037  000.201: --cmd commands
028.661  011.822  011.822: sourcing /nix/store/kg6r9d5ipwbw502add93jk4716r1vkfz-vim-pack-dir/pack/home-manager/start/nordbuddy/colors/nordbuddy.lua
028.766  022.259  010.437: sourcing /Users/maas/.config/nvim/init.vim
028.785  000.489: sourcing vimrc file(s)
035.837  000.032  000.032: sourcing /nix/store/kg6r9d5ipwbw502add93jk4716r1vkfz-vim-pack-dir/pack/home-manager/start/fennel-vim/ftdetect/fennel.vim
035.966  000.018  000.018: sourcing /nix/store/kg6r9d5ipwbw502add93jk4716r1vkfz-vim-pack-dir/pack/home-manager/start/nvim-treesitter/ftdetect/gdscript.vim
036.090  000.020  000.020: sourcing /nix/store/kg6r9d5ipwbw502add93jk4716r1vkfz-vim-pack-dir/pack/home-manager/start/nvim-treesitter/ftdetect/gomod.vim
036.219  000.025  000.025: sourcing /nix/store/kg6r9d5ipwbw502add93jk4716r1vkfz-vim-pack-dir/pack/home-manager/start/nvim-treesitter/ftdetect/query.vim
037.259  008.198  008.103: sourcing /nix/store/r2c2fir4m3ifvd5nprdyn7l5wmsdarjk-neovim-unwrapped-master/share/nvim/runtime/filetype.vim
037.926  000.047  000.047: sourcing /nix/store/r2c2fir4m3ifvd5nprdyn7l5wmsdarjk-neovim-unwrapped-master/share/nvim/runtime/ftplugin.vim
038.545  000.042  000.042: sourcing /nix/store/r2c2fir4m3ifvd5nprdyn7l5wmsdarjk-neovim-unwrapped-master/share/nvim/runtime/indent.vim
042.607  002.000  002.000: sourcing /nix/store/kg6r9d5ipwbw502add93jk4716r1vkfz-vim-pack-dir/pack/home-manager/start/nordbuddy/colors/nordbuddy.lua
042.705  003.347  001.346: sourcing /nix/store/r2c2fir4m3ifvd5nprdyn7l5wmsdarjk-neovim-unwrapped-master/share/nvim/runtime/syntax/synload.vim
042.813  003.617  000.270: sourcing /nix/store/r2c2fir4m3ifvd5nprdyn7l5wmsdarjk-neovim-unwrapped-master/share/nvim/runtime/syntax/syntax.vim
046.377  000.316  000.316: sourcing /nix/store/r2c2fir4m3ifvd5nprdyn7l5wmsdarjk-neovim-unwrapped-master/share/nvim/runtime/plugin/gzip.vim
046.547  000.023  000.023: sourcing /nix/store/r2c2fir4m3ifvd5nprdyn7l5wmsdarjk-neovim-unwrapped-master/share/nvim/runtime/plugin/health.vim
046.758  000.093  000.093: sourcing /nix/store/r2c2fir4m3ifvd5nprdyn7l5wmsdarjk-neovim-unwrapped-master/share/nvim/runtime/plugin/man.vim
049.086  000.219  000.219: sourcing /nix/store/r2c2fir4m3ifvd5nprdyn7l5wmsdarjk-neovim-unwrapped-master/share/nvim/runtime/pack/dist/opt/matchit/plugin/matchit.vim
049.338  002.463  002.244: sourcing /nix/store/r2c2fir4m3ifvd5nprdyn7l5wmsdarjk-neovim-unwrapped-master/share/nvim/runtime/plugin/matchit.vim
049.617  000.171  000.171: sourcing /nix/store/r2c2fir4m3ifvd5nprdyn7l5wmsdarjk-neovim-unwrapped-master/share/nvim/runtime/plugin/matchparen.vim
050.128  000.405  000.405: sourcing /nix/store/r2c2fir4m3ifvd5nprdyn7l5wmsdarjk-neovim-unwrapped-master/share/nvim/runtime/plugin/netrwPlugin.vim
050.472  000.016  000.016: sourcing /nix/store/sfqnyw5rfgvw3bfhl4i6qd2101px0q8w-neovim-master/rplugin.vim
050.617  000.358  000.341: sourcing /nix/store/r2c2fir4m3ifvd5nprdyn7l5wmsdarjk-neovim-unwrapped-master/share/nvim/runtime/plugin/rplugin.vim
050.846  000.112  000.112: sourcing /nix/store/r2c2fir4m3ifvd5nprdyn7l5wmsdarjk-neovim-unwrapped-master/share/nvim/runtime/plugin/shada.vim
050.998  000.031  000.031: sourcing /nix/store/r2c2fir4m3ifvd5nprdyn7l5wmsdarjk-neovim-unwrapped-master/share/nvim/runtime/plugin/spellfile.vim
051.263  000.151  000.151: sourcing /nix/store/r2c2fir4m3ifvd5nprdyn7l5wmsdarjk-neovim-unwrapped-master/share/nvim/runtime/plugin/tarPlugin.vim
051.505  000.120  000.120: sourcing /nix/store/r2c2fir4m3ifvd5nprdyn7l5wmsdarjk-neovim-unwrapped-master/share/nvim/runtime/plugin/tohtml.vim
051.654  000.026  000.026: sourcing /nix/store/r2c2fir4m3ifvd5nprdyn7l5wmsdarjk-neovim-unwrapped-master/share/nvim/runtime/plugin/tutor.vim
052.012  000.205  000.205: sourcing /nix/store/r2c2fir4m3ifvd5nprdyn7l5wmsdarjk-neovim-unwrapped-master/share/nvim/runtime/plugin/zipPlugin.vim
052.751  007.588: loading plugins
053.395  000.035  000.035: sourcing /nix/store/kg6r9d5ipwbw502add93jk4716r1vkfz-vim-pack-dir/pack/home-manager/start/fennel-vim/ftdetect/fennel.vim
059.891  005.645  005.645: sourcing /nix/store/kg6r9d5ipwbw502add93jk4716r1vkfz-vim-pack-dir/pack/home-manager/start/nvim-autopairs/plugin/nvim-autopairs.vim
060.548  000.129  000.129: sourcing /nix/store/kg6r9d5ipwbw502add93jk4716r1vkfz-vim-pack-dir/pack/home-manager/start/nvim-compe/plugin/compe.vim
067.676  006.671  006.671: sourcing /nix/store/kg6r9d5ipwbw502add93jk4716r1vkfz-vim-pack-dir/pack/home-manager/start/nvim-lspconfig/plugin/lspconfig.vim
068.828  000.585  000.585: sourcing /nix/store/kg6r9d5ipwbw502add93jk4716r1vkfz-vim-pack-dir/pack/home-manager/start/nvim-treesitter/plugin/nvim-treesitter.vim
069.184  000.016  000.016: sourcing /nix/store/kg6r9d5ipwbw502add93jk4716r1vkfz-vim-pack-dir/pack/home-manager/start/nvim-treesitter/ftdetect/gdscript.vim
069.291  000.015  000.015: sourcing /nix/store/kg6r9d5ipwbw502add93jk4716r1vkfz-vim-pack-dir/pack/home-manager/start/nvim-treesitter/ftdetect/gomod.vim
069.422  000.024  000.024: sourcing /nix/store/kg6r9d5ipwbw502add93jk4716r1vkfz-vim-pack-dir/pack/home-manager/start/nvim-treesitter/ftdetect/query.vim
069.796  000.031  000.031: sourcing /nix/store/kg6r9d5ipwbw502add93jk4716r1vkfz-vim-pack-dir/pack/home-manager/start/plenary-nvim/plugin/plenary.vim
070.665  000.234  000.234: sourcing /nix/store/kg6r9d5ipwbw502add93jk4716r1vkfz-vim-pack-dir/pack/home-manager/start/telescope/plugin/telescope.vim
071.204  000.015  000.015: sourcing /nix/store/kg6r9d5ipwbw502add93jk4716r1vkfz-vim-pack-dir/pack/home-manager/start/which-key-nvim/plugin/which-key.vim
071.553  005.401: loading packages
072.068  000.241  000.241: sourcing /nix/store/kg6r9d5ipwbw502add93jk4716r1vkfz-vim-pack-dir/pack/home-manager/start/nvim-compe/after/plugin/compe.vim
072.640  000.846: loading after plugins
072.654  000.014: inits 3
076.626  003.972: reading ShaDa
082.024  000.443  000.443: sourcing /nix/store/r2c2fir4m3ifvd5nprdyn7l5wmsdarjk-neovim-unwrapped-master/share/nvim/runtime/scripts.vim
082.603  005.535: opening buffers
082.628  000.025: BufEnter autocommands
082.630  000.002: editing files in windows
082.794  000.164: executing command arguments
091.794  009.000: VimEnter autocommands
091.797  000.003: UIEnter autocommands
091.799  000.001: before starting main loop
092.900  001.102: first screen update
092.903  000.003: --- NVIM STARTED ---


times in msec
 clock   self+sourced   self:  sourced script
 clock   elapsed:              other lines

000.009  000.009: --- NVIM STARTING ---
001.145  001.135: locale set
001.838  000.693: inits 1
001.872  000.035: window checked
002.083  000.210: parsing arguments
002.425  000.342: expanding arguments
002.493  000.069: inits 2
002.941  000.447: init highlight
002.942  000.002: waiting for UI
005.895  002.953: done waiting for UI
005.931  000.036: initialized screen early for UI
006.140  000.209: --cmd commands
028.477  011.627  011.627: sourcing /nix/store/kg6r9d5ipwbw502add93jk4716r1vkfz-vim-pack-dir/pack/home-manager/start/nordbuddy/colors/nordbuddy.lua
028.535  022.014  010.388: sourcing /Users/maas/.config/nvim/init.vim
028.550  000.396: sourcing vimrc file(s)
035.230  000.031  000.031: sourcing /nix/store/kg6r9d5ipwbw502add93jk4716r1vkfz-vim-pack-dir/pack/home-manager/start/fennel-vim/ftdetect/fennel.vim
035.363  000.021  000.021: sourcing /nix/store/kg6r9d5ipwbw502add93jk4716r1vkfz-vim-pack-dir/pack/home-manager/start/nvim-treesitter/ftdetect/gdscript.vim
035.489  000.017  000.017: sourcing /nix/store/kg6r9d5ipwbw502add93jk4716r1vkfz-vim-pack-dir/pack/home-manager/start/nvim-treesitter/ftdetect/gomod.vim
035.622  000.029  000.029: sourcing /nix/store/kg6r9d5ipwbw502add93jk4716r1vkfz-vim-pack-dir/pack/home-manager/start/nvim-treesitter/ftdetect/query.vim
036.549  007.832  007.733: sourcing /nix/store/r2c2fir4m3ifvd5nprdyn7l5wmsdarjk-neovim-unwrapped-master/share/nvim/runtime/filetype.vim
037.195  000.046  000.046: sourcing /nix/store/r2c2fir4m3ifvd5nprdyn7l5wmsdarjk-neovim-unwrapped-master/share/nvim/runtime/ftplugin.vim
037.833  000.040  000.040: sourcing /nix/store/r2c2fir4m3ifvd5nprdyn7l5wmsdarjk-neovim-unwrapped-master/share/nvim/runtime/indent.vim
041.739  001.908  001.908: sourcing /nix/store/kg6r9d5ipwbw502add93jk4716r1vkfz-vim-pack-dir/pack/home-manager/start/nordbuddy/colors/nordbuddy.lua
041.854  003.242  001.334: sourcing /nix/store/r2c2fir4m3ifvd5nprdyn7l5wmsdarjk-neovim-unwrapped-master/share/nvim/runtime/syntax/synload.vim
041.965  003.511  000.269: sourcing /nix/store/r2c2fir4m3ifvd5nprdyn7l5wmsdarjk-neovim-unwrapped-master/share/nvim/runtime/syntax/syntax.vim
045.476  000.266  000.266: sourcing /nix/store/r2c2fir4m3ifvd5nprdyn7l5wmsdarjk-neovim-unwrapped-master/share/nvim/runtime/plugin/gzip.vim
045.604  000.018  000.018: sourcing /nix/store/r2c2fir4m3ifvd5nprdyn7l5wmsdarjk-neovim-unwrapped-master/share/nvim/runtime/plugin/health.vim
045.789  000.081  000.081: sourcing /nix/store/r2c2fir4m3ifvd5nprdyn7l5wmsdarjk-neovim-unwrapped-master/share/nvim/runtime/plugin/man.vim
048.079  000.209  000.209: sourcing /nix/store/r2c2fir4m3ifvd5nprdyn7l5wmsdarjk-neovim-unwrapped-master/share/nvim/runtime/pack/dist/opt/matchit/plugin/matchit.vim
048.333  002.443  002.234: sourcing /nix/store/r2c2fir4m3ifvd5nprdyn7l5wmsdarjk-neovim-unwrapped-master/share/nvim/runtime/plugin/matchit.vim
048.611  000.170  000.170: sourcing /nix/store/r2c2fir4m3ifvd5nprdyn7l5wmsdarjk-neovim-unwrapped-master/share/nvim/runtime/plugin/matchparen.vim
049.117  000.400  000.400: sourcing /nix/store/r2c2fir4m3ifvd5nprdyn7l5wmsdarjk-neovim-unwrapped-master/share/nvim/runtime/plugin/netrwPlugin.vim
049.456  000.018  000.018: sourcing /nix/store/sfqnyw5rfgvw3bfhl4i6qd2101px0q8w-neovim-master/rplugin.vim
049.603  000.363  000.345: sourcing /nix/store/r2c2fir4m3ifvd5nprdyn7l5wmsdarjk-neovim-unwrapped-master/share/nvim/runtime/plugin/rplugin.vim
049.836  000.108  000.108: sourcing /nix/store/r2c2fir4m3ifvd5nprdyn7l5wmsdarjk-neovim-unwrapped-master/share/nvim/runtime/plugin/shada.vim
049.986  000.031  000.031: sourcing /nix/store/r2c2fir4m3ifvd5nprdyn7l5wmsdarjk-neovim-unwrapped-master/share/nvim/runtime/plugin/spellfile.vim
050.254  000.147  000.147: sourcing /nix/store/r2c2fir4m3ifvd5nprdyn7l5wmsdarjk-neovim-unwrapped-master/share/nvim/runtime/plugin/tarPlugin.vim
050.486  000.117  000.117: sourcing /nix/store/r2c2fir4m3ifvd5nprdyn7l5wmsdarjk-neovim-unwrapped-master/share/nvim/runtime/plugin/tohtml.vim
050.626  000.026  000.026: sourcing /nix/store/r2c2fir4m3ifvd5nprdyn7l5wmsdarjk-neovim-unwrapped-master/share/nvim/runtime/plugin/tutor.vim
050.977  000.191  000.191: sourcing /nix/store/r2c2fir4m3ifvd5nprdyn7l5wmsdarjk-neovim-unwrapped-master/share/nvim/runtime/plugin/zipPlugin.vim
051.692  007.353: loading plugins
052.306  000.031  000.031: sourcing /nix/store/kg6r9d5ipwbw502add93jk4716r1vkfz-vim-pack-dir/pack/home-manager/start/fennel-vim/ftdetect/fennel.vim
059.386  006.150  006.150: sourcing /nix/store/kg6r9d5ipwbw502add93jk4716r1vkfz-vim-pack-dir/pack/home-manager/start/nvim-autopairs/plugin/nvim-autopairs.vim
060.242  000.170  000.170: sourcing /nix/store/kg6r9d5ipwbw502add93jk4716r1vkfz-vim-pack-dir/pack/home-manager/start/nvim-compe/plugin/compe.vim
067.944  007.225  007.225: sourcing /nix/store/kg6r9d5ipwbw502add93jk4716r1vkfz-vim-pack-dir/pack/home-manager/start/nvim-lspconfig/plugin/lspconfig.vim
068.999  000.470  000.470: sourcing /nix/store/kg6r9d5ipwbw502add93jk4716r1vkfz-vim-pack-dir/pack/home-manager/start/nvim-treesitter/plugin/nvim-treesitter.vim
069.372  000.017  000.017: sourcing /nix/store/kg6r9d5ipwbw502add93jk4716r1vkfz-vim-pack-dir/pack/home-manager/start/nvim-treesitter/ftdetect/gdscript.vim
069.492  000.018  000.018: sourcing /nix/store/kg6r9d5ipwbw502add93jk4716r1vkfz-vim-pack-dir/pack/home-manager/start/nvim-treesitter/ftdetect/gomod.vim
069.632  000.025  000.025: sourcing /nix/store/kg6r9d5ipwbw502add93jk4716r1vkfz-vim-pack-dir/pack/home-manager/start/nvim-treesitter/ftdetect/query.vim
070.028  000.033  000.033: sourcing /nix/store/kg6r9d5ipwbw502add93jk4716r1vkfz-vim-pack-dir/pack/home-manager/start/plenary-nvim/plugin/plenary.vim
070.870  000.232  000.232: sourcing /nix/store/kg6r9d5ipwbw502add93jk4716r1vkfz-vim-pack-dir/pack/home-manager/start/telescope/plugin/telescope.vim
071.424  000.015  000.015: sourcing /nix/store/kg6r9d5ipwbw502add93jk4716r1vkfz-vim-pack-dir/pack/home-manager/start/which-key-nvim/plugin/which-key.vim
071.781  005.702: loading packages
072.275  000.208  000.208: sourcing /nix/store/kg6r9d5ipwbw502add93jk4716r1vkfz-vim-pack-dir/pack/home-manager/start/nvim-compe/after/plugin/compe.vim
073.003  001.014: loading after plugins
073.018  000.015: inits 3
077.067  004.049: reading ShaDa
081.392  000.425  000.425: sourcing /nix/store/r2c2fir4m3ifvd5nprdyn7l5wmsdarjk-neovim-unwrapped-master/share/nvim/runtime/scripts.vim
081.999  004.507: opening buffers
082.048  000.049: BufEnter autocommands
082.050  000.002: editing files in windows
082.226  000.175: executing command arguments
090.757  008.532: VimEnter autocommands
090.760  000.003: UIEnter autocommands
090.761  000.001: before starting main loop
091.846  001.085: first screen update
091.850  000.003: --- NVIM STARTED ---
